<?xml version="1.0" encoding="UTF-8"?>
<!-- Generated by org.testng.reporters.JUnitReportReporter -->
<testsuite skipped="0" hostname="DESKTOP-SG8VF9G" name="batchExecution.Batch" tests="1" failures="0" timestamp="18 Jul 2018 05:44:58 GMT" time="20.629" errors="0">
  <testcase name="CreateProduct" time="20.629" classname="batchExecution.Batch"/>
</testsuite> <!-- batchExecution.Batch -->
