<?xml version="1.0" encoding="UTF-8"?>
<!-- Generated by org.testng.reporters.JUnitReportReporter -->
<testsuite skipped="0" hostname="DESKTOP-SG8VF9G" name="assignment7.Campaigns" tests="1" failures="0" timestamp="20 Jul 2018 16:15:05 GMT" time="18.590" errors="0">
  <testcase name="createcampaignsTest" time="18.590" classname="assignment7.Campaigns"/>
</testsuite> <!-- assignment7.Campaigns -->
