<?xml version="1.0" encoding="UTF-8"?>
<!-- Generated by org.testng.reporters.JUnitReportReporter -->
<testsuite skipped="0" hostname="DESKTOP-SG8VF9G" name="assignment7.Product" tests="1" failures="0" timestamp="20 Jul 2018 18:32:51 GMT" time="17.842" errors="0">
  <testcase name="createProductTest" time="17.842" classname="assignment7.Product"/>
</testsuite> <!-- assignment7.Product -->
